2022-12-23 23:00:14.541 [main] INFO  MainLoop - Lista opcji:
2022-12-23 23:00:14.549 [main] INFO  MainLoop - CAR
2022-12-23 23:00:14.549 [main] INFO  MainLoop - SHIP
2022-12-23 23:00:14.549 [main] INFO  MainLoop - PLANE
2022-12-23 23:00:14.550 [main] INFO  MainLoop - BICYCLE
2022-12-23 23:00:14.550 [main] INFO  MainLoop - ALL
2022-12-23 23:00:14.550 [main] INFO  MainLoop - EXIT
2022-12-23 23:00:14.550 [main] INFO  MainLoop - Wybierz opcje:
2022-12-23 23:00:17.984 [main] WARN  MainLoop - Sprobuj ponownie
2022-12-23 23:08:52.195 [main] INFO  MainLoop - Lista opcji:
2022-12-23 23:08:52.203 [main] INFO  MainLoop - CAR
2022-12-23 23:08:52.203 [main] INFO  MainLoop - SHIP
2022-12-23 23:08:52.203 [main] INFO  MainLoop - PLANE
2022-12-23 23:08:52.203 [main] INFO  MainLoop - BICYCLE
2022-12-23 23:08:52.203 [main] INFO  MainLoop - ALL
2022-12-23 23:08:52.203 [main] INFO  MainLoop - EXIT
2022-12-23 23:08:52.204 [main] INFO  MainLoop - Wybierz opcje:
2022-12-23 23:08:57.426 [main] WARN  MainLoop - Sprobuj ponownie
2022-12-23 23:08:58.911 [main] INFO  MainLoop - Vehicles.Car@25fb8912
2022-12-23 23:08:58.912 [main] INFO  MainLoop - Vehicles.Car@7c24b813
2022-12-23 23:08:58.912 [main] INFO  MainLoop - Vehicles.Bicycle@2c35e847
2022-12-23 23:08:58.912 [main] INFO  MainLoop - Vehicles.Bicycle@7bd4937b
2022-12-23 23:08:58.912 [main] INFO  MainLoop - Vehicles.Ship@21e360a
2022-12-23 23:08:58.912 [main] INFO  MainLoop - Vehicles.Ship@5ba3f27a
2022-12-23 23:08:58.912 [main] INFO  MainLoop - Vehicles.Plane@58d75e99
2022-12-23 23:08:58.912 [main] INFO  MainLoop - Vehicles.Plane@74751b3
2022-12-23 23:08:58.912 [main] INFO  MainLoop - Lista opcji:
2022-12-23 23:08:58.913 [main] INFO  MainLoop - CAR
2022-12-23 23:08:58.913 [main] INFO  MainLoop - SHIP
2022-12-23 23:08:58.913 [main] INFO  MainLoop - PLANE
2022-12-23 23:08:58.913 [main] INFO  MainLoop - BICYCLE
2022-12-23 23:08:58.913 [main] INFO  MainLoop - ALL
2022-12-23 23:08:58.913 [main] INFO  MainLoop - EXIT
2022-12-23 23:08:58.913 [main] INFO  MainLoop - Wybierz opcje:
2022-12-23 23:11:35.957 [main] INFO  MainLoop - Lista opcji:
2022-12-23 23:11:35.960 [main] INFO  MainLoop - CAR
2022-12-23 23:11:35.960 [main] INFO  MainLoop - SHIP
2022-12-23 23:11:35.960 [main] INFO  MainLoop - PLANE
2022-12-23 23:11:35.960 [main] INFO  MainLoop - BICYCLE
2022-12-23 23:11:35.961 [main] INFO  MainLoop - ALL
2022-12-23 23:11:35.961 [main] INFO  MainLoop - EXIT
2022-12-23 23:11:35.961 [main] INFO  MainLoop - Wybierz opcje:
2022-12-23 23:11:37.751 [main] INFO  MainLoop - Ford 1990, maksymalna predkosc: 220
2022-12-23 23:11:37.751 [main] INFO  MainLoop - Fiat 2010, maksymalna predkosc: 10
2022-12-23 23:11:37.753 [main] INFO  MainLoop - Ghost Górski, maksymalna predkosc: 50
2022-12-23 23:11:37.753 [main] INFO  MainLoop - Ghost Miejski, maksymalna predkosc: 25
2022-12-23 23:11:37.754 [main] INFO  MainLoop - Tiger GhostMarine, maksymalna predkosc: 100
2022-12-23 23:11:37.754 [main] INFO  MainLoop - Titanic GhostMarine, maksymalna predkosc: 80
2022-12-23 23:11:37.754 [main] INFO  MainLoop - Boeing-750 ArabicAirlines, maksymalna predkosc: 500
2022-12-23 23:11:37.754 [main] INFO  MainLoop - Boeing-630 ArabicAirlines, maksymalna predkosc: 480
2022-12-23 23:11:37.754 [main] INFO  MainLoop - Lista opcji:
2022-12-23 23:11:37.754 [main] INFO  MainLoop - CAR
2022-12-23 23:11:37.754 [main] INFO  MainLoop - SHIP
2022-12-23 23:11:37.754 [main] INFO  MainLoop - PLANE
2022-12-23 23:11:37.755 [main] INFO  MainLoop - BICYCLE
2022-12-23 23:11:37.755 [main] INFO  MainLoop - ALL
2022-12-23 23:11:37.755 [main] INFO  MainLoop - EXIT
2022-12-23 23:11:37.755 [main] INFO  MainLoop - Wybierz opcje:
2022-12-23 23:12:47.090 [main] INFO  MainLoop - Lista opcji:
2022-12-23 23:12:47.100 [main] INFO  MainLoop - CAR
2022-12-23 23:12:47.100 [main] INFO  MainLoop - SHIP
2022-12-23 23:12:47.100 [main] INFO  MainLoop - PLANE
2022-12-23 23:12:47.100 [main] INFO  MainLoop - BICYCLE
2022-12-23 23:12:47.101 [main] INFO  MainLoop - ALL
2022-12-23 23:12:47.101 [main] INFO  MainLoop - EXIT
2022-12-23 23:12:47.101 [main] INFO  MainLoop - Wybierz opcje:
